FAILED: Hive Internal Error: java.lang.IllegalArgumentException(null)
java.lang.IllegalArgumentException
	at java.net.URI.create(URI.java:842)
	at org.apache.hadoop.fs.FileSystem.getDefaultUri(FileSystem.java:103)
	at org.apache.hadoop.fs.FileSystem.get(FileSystem.java:184)
	at org.apache.hadoop.fs.FileSystem.getLocal(FileSystem.java:167)
	at org.apache.hadoop.hive.ql.Context.getLocalScratchDir(Context.java:157)
	at org.apache.hadoop.hive.ql.Context.getMRScratchDir(Context.java:176)
	at org.apache.hadoop.hive.ql.Context.getMRTmpFileURI(Context.java:238)
	at org.apache.hadoop.hive.ql.parse.SemanticAnalyzer.getMetaData(SemanticAnalyzer.java:831)
	at org.apache.hadoop.hive.ql.parse.SemanticAnalyzer.analyzeInternal(SemanticAnalyzer.java:6160)
	at org.apache.hadoop.hive.ql.parse.BaseSemanticAnalyzer.analyze(BaseSemanticAnalyzer.java:126)
	at org.apache.hadoop.hive.ql.Driver.compile(Driver.java:301)
	at org.apache.hadoop.hive.ql.Driver.run(Driver.java:376)
	at org.apache.hadoop.hive.cli.CliDriver.processCmd(CliDriver.java:138)
	at org.apache.hadoop.hive.cli.CliDriver.processLine(CliDriver.java:197)
	at org.apache.hadoop.hive.ql.QTestUtil.executeClient(QTestUtil.java:552)
	at org.apache.hadoop.hive.cli.TestNegativeCliDriver.testNegativeCliDriver_fs_default_name2(TestNegativeCliDriver.java:2222)
	at sun.reflect.NativeMethodAccessorImpl.invoke0(Native Method)
	at sun.reflect.NativeMethodAccessorImpl.invoke(NativeMethodAccessorImpl.java:39)
	at sun.reflect.DelegatingMethodAccessorImpl.invoke(DelegatingMethodAccessorImpl.java:25)
	at java.lang.reflect.Method.invoke(Method.java:597)
	at junit.framework.TestCase.runTest(TestCase.java:154)
	at junit.framework.TestCase.runBare(TestCase.java:127)
	at junit.framework.TestResult$1.protect(TestResult.java:106)
	at junit.framework.TestResult.runProtected(TestResult.java:124)
	at junit.framework.TestResult.run(TestResult.java:109)
	at junit.framework.TestCase.run(TestCase.java:118)
	at junit.framework.TestSuite.runTest(TestSuite.java:208)
	at junit.framework.TestSuite.run(TestSuite.java:203)
	at org.apache.tools.ant.taskdefs.optional.junit.JUnitTestRunner.run(JUnitTestRunner.java:422)
	at org.apache.tools.ant.taskdefs.optional.junit.JUnitTestRunner.launch(JUnitTestRunner.java:931)
	at org.apache.tools.ant.taskdefs.optional.junit.JUnitTestRunner.main(JUnitTestRunner.java:785)
Caused by: java.net.URISyntaxException: Illegal character in scheme name at index 0: 'http://www.example.com
	at java.net.URI$Parser.fail(URI.java:2809)
	at java.net.URI$Parser.checkChars(URI.java:2982)
	at java.net.URI$Parser.checkChar(URI.java:2992)
	at java.net.URI$Parser.parse(URI.java:3008)
	at java.net.URI.<init>(URI.java:578)
	at java.net.URI.create(URI.java:840)
	... 30 more

